2025-03-01T09:29:27.923+05:00  INFO 23492 --- [sportsclub] [main] c.e.sportsclub.SportsclubApplication     : Starting SportsclubApplication using Java 23.0.2 with PID 23492 (C:\sportsclub\target\classes started by erzan in C:\sportsclub)
2025-03-01T09:29:27.931+05:00  INFO 23492 --- [sportsclub] [main] c.e.sportsclub.SportsclubApplication     : No active profile set, falling back to 1 default profile: "default"
2025-03-01T09:29:28.960+05:00  INFO 23492 --- [sportsclub] [main] .s.d.r.c.RepositoryConfigurationDelegate : Bootstrapping Spring Data JPA repositories in DEFAULT mode.
2025-03-01T09:29:29.042+05:00  INFO 23492 --- [sportsclub] [main] .s.d.r.c.RepositoryConfigurationDelegate : Finished Spring Data repository scanning in 70 ms. Found 3 JPA repository interfaces.
2025-03-01T09:29:29.677+05:00  INFO 23492 --- [sportsclub] [main] o.s.b.w.embedded.tomcat.TomcatWebServer  : Tomcat initialized with port 8080 (http)
2025-03-01T09:29:29.698+05:00  INFO 23492 --- [sportsclub] [main] o.apache.catalina.core.StandardService   : Starting service [Tomcat]
2025-03-01T09:29:29.698+05:00  INFO 23492 --- [sportsclub] [main] o.apache.catalina.core.StandardEngine    : Starting Servlet engine: [Apache Tomcat/10.1.36]
2025-03-01T09:29:29.762+05:00  INFO 23492 --- [sportsclub] [main] o.a.c.c.C.[Tomcat].[localhost].[/]       : Initializing Spring embedded WebApplicationContext
2025-03-01T09:29:29.762+05:00  INFO 23492 --- [sportsclub] [main] w.s.c.ServletWebServerApplicationContext : Root WebApplicationContext: initialization completed in 1750 ms
2025-03-01T09:29:29.926+05:00  INFO 23492 --- [sportsclub] [main] com.zaxxer.hikari.HikariDataSource       : HikariPool-1 - Starting...
2025-03-01T09:29:30.206+05:00  INFO 23492 --- [sportsclub] [main] com.zaxxer.hikari.pool.HikariPool        : HikariPool-1 - Added connection conn0: url=jdbc:h2:mem:dbf263f4-cfde-4837-a562-88ccadeef891 user=SA
2025-03-01T09:29:30.209+05:00  INFO 23492 --- [sportsclub] [main] com.zaxxer.hikari.HikariDataSource       : HikariPool-1 - Start completed.
2025-03-01T09:29:30.291+05:00  INFO 23492 --- [sportsclub] [main] o.hibernate.jpa.internal.util.LogHelper  : HHH000204: Processing PersistenceUnitInfo [name: default]
2025-03-01T09:29:30.383+05:00  INFO 23492 --- [sportsclub] [main] org.hibernate.Version                    : HHH000412: Hibernate ORM core version 6.6.8.Final
2025-03-01T09:29:30.440+05:00  INFO 23492 --- [sportsclub] [main] o.h.c.internal.RegionFactoryInitiator    : HHH000026: Second-level cache disabled
2025-03-01T09:29:30.857+05:00  INFO 23492 --- [sportsclub] [main] o.s.o.j.p.SpringPersistenceUnitInfo      : No LoadTimeWeaver setup: ignoring JPA class transformer
2025-03-01T09:29:30.971+05:00  INFO 23492 --- [sportsclub] [main] org.hibernate.orm.connections.pooling    : HHH10001005: Database info:
	Database JDBC URL [Connecting through datasource 'HikariDataSource (HikariPool-1)']
	Database driver: undefined/unknown
	Database version: 2.3.232
	Autocommit mode: undefined/unknown
	Isolation level: undefined/unknown
	Minimum pool size: undefined/unknown
	Maximum pool size: undefined/unknown
2025-03-01T09:29:32.157+05:00  INFO 23492 --- [sportsclub] [main] o.h.e.t.j.p.i.JtaPlatformInitiator       : HHH000489: No JTA platform available (set 'hibernate.transaction.jta.platform' to enable JTA platform integration)
2025-03-01T09:29:32.243+05:00  INFO 23492 --- [sportsclub] [main] j.LocalContainerEntityManagerFactoryBean : Initialized JPA EntityManagerFactory for persistence unit 'default'
2025-03-01T09:29:32.605+05:00  WARN 23492 --- [sportsclub] [main] JpaBaseConfiguration$JpaWebConfiguration : spring.jpa.open-in-view is enabled by default. Therefore, database queries may be performed during view rendering. Explicitly configure spring.jpa.open-in-view to disable this warning
2025-03-01T09:29:33.054+05:00  INFO 23492 --- [sportsclub] [main] o.s.b.w.embedded.tomcat.TomcatWebServer  : Tomcat started on port 8080 (http) with context path '/'
2025-03-01T09:29:33.065+05:00  INFO 23492 --- [sportsclub] [main] c.e.sportsclub.SportsclubApplication     : Started SportsclubApplication in 5.746 seconds (process running for 10.414)
2025-03-01T09:40:16.221+05:00  INFO 23492 --- [sportsclub] [SpringApplicationShutdownHook] o.s.b.w.e.tomcat.GracefulShutdown        : Commencing graceful shutdown. Waiting for active requests to complete
2025-03-01T09:40:16.234+05:00  INFO 23492 --- [sportsclub] [tomcat-shutdown] o.s.b.w.e.tomcat.GracefulShutdown        : Graceful shutdown complete
2025-03-01T09:40:16.241+05:00  INFO 23492 --- [sportsclub] [SpringApplicationShutdownHook] j.LocalContainerEntityManagerFactoryBean : Closing JPA EntityManagerFactory for persistence unit 'default'
2025-03-01T09:40:16.248+05:00  INFO 23492 --- [sportsclub] [SpringApplicationShutdownHook] com.zaxxer.hikari.HikariDataSource       : HikariPool-1 - Shutdown initiated...
2025-03-01T09:40:16.250+05:00  INFO 23492 --- [sportsclub] [SpringApplicationShutdownHook] com.zaxxer.hikari.HikariDataSource       : HikariPool-1 - Shutdown completed.
